{"C:\\Users\\DELL\\Downloads\\my-app\\src\\App.jsx": {"path":"C:\\Users\\DELL\\Downloads\\my-app\\src\\App.jsx","statementMap":{"0":{"start":{"line":6,"column":19},"end":{"line":16,"column":1}},"1":{"start":{"line":7,"column":25},"end":{"line":7,"column":36}},"2":{"start":{"line":8,"column":2},"end":{"line":15,"column":4}}},"fnMap":{"0":{"name":"(anonymous_0)","decl":{"start":{"line":6,"column":19},"end":{"line":6,"column":20}},"loc":{"start":{"line":6,"column":25},"end":{"line":16,"column":1}},"line":6}},"branchMap":{"0":{"loc":{"start":{"line":12,"column":32},"end":{"line":12,"column":49}},"type":"cond-expr","locations":[{"start":{"line":12,"column":37},"end":{"line":12,"column":41}},{"start":{"line":12,"column":44},"end":{"line":12,"column":49}}],"line":12}},"s":{"0":2,"1":3,"2":3},"f":{"0":3},"b":{"0":[1,2]},"_coverageSchema":"1a1c01bbd47fc00a2c39e90264f33305004495a9","hash":"d7e739de0bf6a995d2acab7ab135fe4cf4fd8851"}
,"C:\\Users\\DELL\\Downloads\\my-app\\src\\components\\Counter.jsx": {"path":"C:\\Users\\DELL\\Downloads\\my-app\\src\\components\\Counter.jsx","statementMap":{"0":{"start":{"line":3,"column":23},"end":{"line":12,"column":1}},"1":{"start":{"line":4,"column":28},"end":{"line":4,"column":49}},"2":{"start":{"line":5,"column":2},"end":{"line":11,"column":4}},"3":{"start":{"line":8,"column":29},"end":{"line":8,"column":49}},"4":{"start":{"line":8,"column":43},"end":{"line":8,"column":48}},"5":{"start":{"line":9,"column":29},"end":{"line":9,"column":49}},"6":{"start":{"line":9,"column":43},"end":{"line":9,"column":48}}},"fnMap":{"0":{"name":"(anonymous_0)","decl":{"start":{"line":3,"column":23},"end":{"line":3,"column":24}},"loc":{"start":{"line":3,"column":42},"end":{"line":12,"column":1}},"line":3},"1":{"name":"(anonymous_1)","decl":{"start":{"line":8,"column":23},"end":{"line":8,"column":24}},"loc":{"start":{"line":8,"column":29},"end":{"line":8,"column":49}},"line":8},"2":{"name":"(anonymous_2)","decl":{"start":{"line":8,"column":38},"end":{"line":8,"column":39}},"loc":{"start":{"line":8,"column":43},"end":{"line":8,"column":48}},"line":8},"3":{"name":"(anonymous_3)","decl":{"start":{"line":9,"column":23},"end":{"line":9,"column":24}},"loc":{"start":{"line":9,"column":29},"end":{"line":9,"column":49}},"line":9},"4":{"name":"(anonymous_4)","decl":{"start":{"line":9,"column":38},"end":{"line":9,"column":39}},"loc":{"start":{"line":9,"column":43},"end":{"line":9,"column":48}},"line":9}},"branchMap":{"0":{"loc":{"start":{"line":3,"column":26},"end":{"line":3,"column":35}},"type":"default-arg","locations":[{"start":{"line":3,"column":34},"end":{"line":3,"column":35}}],"line":3}},"s":{"0":3,"1":8,"2":8,"3":3,"4":3,"5":1,"6":1},"f":{"0":8,"1":3,"2":3,"3":1,"4":1},"b":{"0":[0]},"_coverageSchema":"1a1c01bbd47fc00a2c39e90264f33305004495a9","hash":"8318417bfb01a54fcaf63a97d2fdab03ee8b6cea"}
,"C:\\Users\\DELL\\Downloads\\my-app\\src\\hooks\\useToggle.js": {"path":"C:\\Users\\DELL\\Downloads\\my-app\\src\\hooks\\useToggle.js","statementMap":{"0":{"start":{"line":4,"column":22},"end":{"line":4,"column":39}},"1":{"start":{"line":5,"column":17},"end":{"line":5,"column":37}},"2":{"start":{"line":5,"column":23},"end":{"line":5,"column":37}},"3":{"start":{"line":5,"column":34},"end":{"line":5,"column":36}},"4":{"start":{"line":6,"column":2},"end":{"line":6,"column":24}}},"fnMap":{"0":{"name":"useToggle","decl":{"start":{"line":3,"column":16},"end":{"line":3,"column":25}},"loc":{"start":{"line":3,"column":43},"end":{"line":7,"column":1}},"line":3},"1":{"name":"(anonymous_1)","decl":{"start":{"line":5,"column":17},"end":{"line":5,"column":18}},"loc":{"start":{"line":5,"column":23},"end":{"line":5,"column":37}},"line":5},"2":{"name":"(anonymous_2)","decl":{"start":{"line":5,"column":29},"end":{"line":5,"column":30}},"loc":{"start":{"line":5,"column":34},"end":{"line":5,"column":36}},"line":5}},"branchMap":{"0":{"loc":{"start":{"line":3,"column":26},"end":{"line":3,"column":41}},"type":"default-arg","locations":[{"start":{"line":3,"column":36},"end":{"line":3,"column":41}}],"line":3}},"s":{"0":3,"1":3,"2":1,"3":1,"4":3},"f":{"0":3,"1":1,"2":1},"b":{"0":[3]},"_coverageSchema":"1a1c01bbd47fc00a2c39e90264f33305004495a9","hash":"7beab8a0bfe405574ce2edd4928ee716d6605ac8"}
,"C:\\Users\\DELL\\Downloads\\my-app\\src\\utils\\formatDate.js": {"path":"C:\\Users\\DELL\\Downloads\\my-app\\src\\utils\\formatDate.js","statementMap":{"0":{"start":{"line":2,"column":2},"end":{"line":2,"column":63}},"1":{"start":{"line":2,"column":31},"end":{"line":2,"column":63}},"2":{"start":{"line":3,"column":2},"end":{"line":3,"column":42}}},"fnMap":{"0":{"name":"formatDate","decl":{"start":{"line":1,"column":16},"end":{"line":1,"column":26}},"loc":{"start":{"line":1,"column":33},"end":{"line":4,"column":1}},"line":1}},"branchMap":{"0":{"loc":{"start":{"line":2,"column":2},"end":{"line":2,"column":63}},"type":"if","locations":[{"start":{"line":2,"column":2},"end":{"line":2,"column":63}},{"start":{},"end":{}}],"line":2}},"s":{"0":5,"1":1,"2":4},"f":{"0":5},"b":{"0":[1,4]},"_coverageSchema":"1a1c01bbd47fc00a2c39e90264f33305004495a9","hash":"79cb5f8d8fbd84b9ffb3983ab508b758b16a5fcd"}
}
