TN:
SF:src\App.jsx
FN:23,(anonymous_0)
FN:27,(anonymous_1)
FNF:2
FNH:1
FNDA:10,(anonymous_0)
FNDA:0,(anonymous_1)
DA:23,2
DA:24,10
DA:25,8
DA:27,0
DA:29,0
DA:30,0
DA:31,0
DA:35,0
DA:36,0
DA:37,0
DA:41,0
LF:11
LH:3
BRDA:30,0,0,0
BRDA:30,0,1,0
BRDA:36,1,0,0
BRDA:36,1,1,0
BRDA:46,2,0,0
BRDA:46,2,1,0
BRF:6
BRH:0
end_of_record
TN:
SF:src\components\Counter.jsx
FN:3,(anonymous_0)
FN:8,(anonymous_1)
FN:8,(anonymous_2)
FN:9,(anonymous_3)
FN:9,(anonymous_4)
FNF:5
FNH:5
FNDA:3,(anonymous_0)
FNDA:1,(anonymous_1)
FNDA:1,(anonymous_2)
FNDA:1,(anonymous_3)
FNDA:1,(anonymous_4)
DA:3,3
DA:4,3
DA:5,3
DA:8,1
DA:9,1
LF:5
LH:5
BRDA:3,0,0,0
BRF:1
BRH:0
end_of_record
TN:
SF:src\hooks\useToggle.js
FN:3,useToggle
FN:5,(anonymous_1)
FN:5,(anonymous_2)
FNF:3
FNH:1
FNDA:8,useToggle
FNDA:0,(anonymous_1)
FNDA:0,(anonymous_2)
DA:4,8
DA:5,8
DA:6,8
LF:3
LH:3
BRDA:3,0,0,8
BRF:1
BRH:1
end_of_record
TN:
SF:src\utils\formatDate.js
FN:1,formatDate
FNF:1
FNH:1
FNDA:2,formatDate
DA:2,2
DA:3,1
LF:2
LH:2
BRDA:2,0,0,1
BRDA:2,0,1,1
BRF:2
BRH:2
end_of_record
